[    0.000000] Linux version 4.15.0-99-generic (buildd@lcy01-amd64-013) (gcc version 7.5.0 (Ubuntu 7.5.0-3ubuntu1~18.04)) #100-Ubuntu SMP Wed Apr 22 20:32:56 UTC 2020 (Ubuntu 4.15.0-99.100-generic 4.15.18)
[    0.000000] Command line: BOOT_IMAGE=/boot/vmlinuz-4.15.0-99-generic root=LABEL=cloudimg-rootfs ro console=tty1 console=ttyS0
[    0.000000] KERNEL supported cpus:
[    0.000000]   Intel GenuineIntel
[    0.000000]   AMD AuthenticAMD
[    0.000000]   Centaur CentaurHauls
[    0.000000] x86/fpu: Supporting XSAVE feature 0x001: 'x87 floating point registers'
[    0.000000] x86/fpu: Supporting XSAVE feature 0x002: 'SSE registers'
[    0.000000] x86/fpu: Supporting XSAVE feature 0x004: 'AVX registers'
[    0.000000] x86/fpu: xstate_offset[2]:  576, xstate_sizes[2]:  256
[    0.000000] x86/fpu: Enabled xstate features 0x7, context size is 832 bytes, using 'standard' format.
[    0.000000] e820: BIOS-provided physical RAM map:
[    0.000000] BIOS-e820: [mem 0x0000000000000000-0x000000000009fbff] usable
[    0.000000] BIOS-e820: [mem 0x000000000009fc00-0x000000000009ffff] reserved
[    0.000000] BIOS-e820: [mem 0x00000000000f0000-0x00000000000fffff] reserved
[    0.000000] BIOS-e820: [mem 0x0000000000100000-0x000000001ffeffff] usable
[    0.000000] BIOS-e820: [mem 0x000000001fff0000-0x000000001fffffff] ACPI data
[    0.000000] BIOS-e820: [mem 0x00000000fec00000-0x00000000fec00fff] reserved
[    0.000000] BIOS-e820: [mem 0x00000000fee00000-0x00000000fee00fff] reserved
[    0.000000] BIOS-e820: [mem 0x00000000fffc0000-0x00000000ffffffff] reserved
[    0.000000] NX (Execute Disable) protection: active
[    0.000000] SMBIOS 2.5 present.
[    0.000000] DMI: innotek GmbH VirtualBox/VirtualBox, BIOS VirtualBox 12/01/2006
[    0.000000] Hypervisor detected: KVM
[    0.000000] e820: last_pfn = 0x1fff0 max_arch_pfn = 0x400000000
[    0.000000] MTRR: Disabled
[    0.000000] x86/PAT: MTRRs disabled, skipping PAT initialization too.
[    0.000000] CPU MTRRs all blank - virtualized system.
[    0.000000] x86/PAT: Configuration [0-7]: WB  WT  UC- UC  WB  WT  UC- UC  
[    0.000000] found SMP MP-table at [mem 0x0009fff0-0x0009ffff]
[    0.000000] Scanning 1 areas for low memory corruption
[    0.000000] RAMDISK: [mem 0x1db4f000-0x1ee10fff]
[    0.000000] ACPI: Early table checksum verification disabled
[    0.000000] ACPI: RSDP 0x00000000000E0000 000024 (v02 VBOX  )
[    0.000000] ACPI: XSDT 0x000000001FFF0030 00003C (v01 VBOX   VBOXXSDT 00000001 ASL  00000061)
[    0.000000] ACPI: FACP 0x000000001FFF00F0 0000F4 (v04 VBOX   VBOXFACP 00000001 ASL  00000061)
[    0.000000] ACPI: DSDT 0x000000001FFF0470 002325 (v02 VBOX   VBOXBIOS 00000002 INTL 20100528)
[    0.000000] ACPI: FACS 0x000000001FFF0200 000040
[    0.000000] ACPI: FACS 0x000000001FFF0200 000040
[    0.000000] ACPI: APIC 0x000000001FFF0240 000054 (v02 VBOX   VBOXAPIC 00000001 ASL  00000061)
[    0.000000] ACPI: SSDT 0x000000001FFF02A0 0001CC (v01 VBOX   VBOXCPUT 00000002 INTL 20100528)
[    0.000000] No NUMA configuration found
[    0.000000] Faking a node at [mem 0x0000000000000000-0x000000001ffeffff]
[    0.000000] NODE_DATA(0) allocated [mem 0x1ffc5000-0x1ffeffff]
[    0.000000] kvm-clock: cpu 0, msr 0:1ff44001, primary cpu clock
[    0.000000] kvm-clock: Using msrs 4b564d01 and 4b564d00
[    0.000000] kvm-clock: using sched offset of 3882334171 cycles
[    0.000000] clocksource: kvm-clock: mask: 0xffffffffffffffff max_cycles: 0x1cd42e4dffb, max_idle_ns: 881590591483 ns
[    0.000000] Zone ranges:
[    0.000000]   DMA      [mem 0x0000000000001000-0x0000000000ffffff]
[    0.000000]   DMA32    [mem 0x0000000001000000-0x000000001ffeffff]
[    0.000000]   Normal   empty
[    0.000000]   Device   empty
[    0.000000] Movable zone start for each node
[    0.000000] Early memory node ranges
[    0.000000]   node   0: [mem 0x0000000000001000-0x000000000009efff]
[    0.000000]   node   0: [mem 0x0000000000100000-0x000000001ffeffff]
[    0.000000] Reserved but unavailable: 98 pages
[    0.000000] Initmem setup node 0 [mem 0x0000000000001000-0x000000001ffeffff]
[    0.000000] ACPI: PM-Timer IO Port: 0x4008
[    0.000000] IOAPIC[0]: apic_id 1, version 32, address 0xfec00000, GSI 0-23
[    0.000000] ACPI: INT_SRC_OVR (bus 0 bus_irq 0 global_irq 2 dfl dfl)
[    0.000000] ACPI: INT_SRC_OVR (bus 0 bus_irq 9 global_irq 9 low level)
[    0.000000] Using ACPI (MADT) for SMP configuration information
[    0.000000] smpboot: Allowing 1 CPUs, 0 hotplug CPUs
[    0.000000] PM: Registered nosave memory: [mem 0x00000000-0x00000fff]
[    0.000000] PM: Registered nosave memory: [mem 0x0009f000-0x0009ffff]
[    0.000000] PM: Registered nosave memory: [mem 0x000a0000-0x000effff]
[    0.000000] PM: Registered nosave memory: [mem 0x000f0000-0x000fffff]
[    0.000000] e820: [mem 0x20000000-0xfebfffff] available for PCI devices
[    0.000000] Booting paravirtualized kernel on KVM
[    0.000000] clocksource: refined-jiffies: mask: 0xffffffff max_cycles: 0xffffffff, max_idle_ns: 7645519600211568 ns
[    0.000000] random: get_random_bytes called from start_kernel+0x99/0x4fd with crng_init=0
[    0.000000] setup_percpu: NR_CPUS:8192 nr_cpumask_bits:1 nr_cpu_ids:1 nr_node_ids:1
[    0.000000] percpu: Embedded 45 pages/cpu s147456 r8192 d28672 u2097152
[    0.000000] PV qspinlock hash table entries: 256 (order: 0, 4096 bytes)
[    0.000000] Built 1 zonelists, mobility grouping on.  Total pages: 128889
[    0.000000] Policy zone: DMA32
[    0.000000] Kernel command line: BOOT_IMAGE=/boot/vmlinuz-4.15.0-99-generic root=LABEL=cloudimg-rootfs ro console=tty1 console=ttyS0
[    0.000000] Memory: 467144K/523832K available (12300K kernel code, 2481K rwdata, 4268K rodata, 2432K init, 2712K bss, 56688K reserved, 0K cma-reserved)
[    0.000000] SLUB: HWalign=64, Order=0-3, MinObjects=0, CPUs=1, Nodes=1
[    0.000000] Kernel/User page tables isolation: enabled
[    0.000000] ftrace: allocating 39364 entries in 154 pages
[    0.004000] Hierarchical RCU implementation.
[    0.004000] 	RCU restricting CPUs from NR_CPUS=8192 to nr_cpu_ids=1.
[    0.004000] 	Tasks RCU enabled.
[    0.004000] RCU: Adjusting geometry for rcu_fanout_leaf=16, nr_cpu_ids=1
[    0.004000] NR_IRQS: 524544, nr_irqs: 256, preallocated irqs: 16
[    0.004000] Console: colour VGA+ 80x25
[    0.004000] console [tty1] enabled
[    0.004000] console [ttyS0] enabled
[    0.004000] ACPI: Core revision 20170831
[    0.004000] ACPI: 2 ACPI AML tables successfully acquired and loaded
[    0.004000] APIC: Switch to symmetric I/O mode setup
[    0.004000] x2apic enabled
[    0.004000] Switched APIC routing to physical x2apic.
[    0.004000] ..TIMER: vector=0x30 apic1=0 pin1=2 apic2=-1 pin2=-1
[    0.004005] tsc: Detected 2591.998 MHz processor
[    0.008015] Calibrating delay loop (skipped) preset value.. 5183.99 BogoMIPS (lpj=10367992)
[    0.012008] pid_max: default: 32768 minimum: 301
[    0.016049] Security Framework initialized
[    0.016911] Yama: becoming mindful.
[    0.017644] AppArmor: AppArmor initialized
[    0.018558] Dentry cache hash table entries: 65536 (order: 7, 524288 bytes)
[    0.019598] Inode-cache hash table entries: 32768 (order: 6, 262144 bytes)
[    0.020033] Mount-cache hash table entries: 1024 (order: 1, 8192 bytes)
[    0.024013] Mountpoint-cache hash table entries: 1024 (order: 1, 8192 bytes)
[    0.025573] process: using mwait in idle threads
[    0.026518] Last level iTLB entries: 4KB 64, 2MB 8, 4MB 8
[    0.028004] Last level dTLB entries: 4KB 64, 2MB 0, 4MB 0, 1GB 4
[    0.029039] Spectre V1 : Mitigation: usercopy/swapgs barriers and __user pointer sanitization
[    0.030501] Spectre V2 : Mitigation: Full generic retpoline
[    0.032002] Spectre V2 : Spectre v2 / SpectreRSB mitigation: Filling RSB on context switch
[    0.033786] Speculative Store Bypass: Vulnerable
[    0.034647] MDS: Mitigation: Clear CPU buffers
[    0.051069] Freeing SMP alternatives memory: 36K
[    0.162111] smpboot: CPU0: Intel(R) Core(TM) i7-6500U CPU @ 2.50GHz (family: 0x6, model: 0x4e, stepping: 0x3)
[    0.164000] Performance Events: unsupported p6 CPU model 78 no PMU driver, software events only.
[    0.164000] Hierarchical SRCU implementation.
[    0.164622] NMI watchdog: Perf event create on CPU 0 failed with -2
[    0.165708] NMI watchdog: Perf NMI watchdog permanently disabled
[    0.166778] smp: Bringing up secondary CPUs ...
[    0.168009] smp: Brought up 1 node, 1 CPU
[    0.168915] smpboot: Max logical packages: 1
[    0.169899] smpboot: Total of 1 processors activated (5183.99 BogoMIPS)
[    0.172253] devtmpfs: initialized
[    0.173195] x86/mm: Memory block size: 128MB
[    0.174278] evm: security.selinux
[    0.175029] evm: security.SMACK64
[    0.176010] evm: security.SMACK64EXEC
[    0.176632] evm: security.SMACK64TRANSMUTE
[    0.177247] evm: security.SMACK64MMAP
[    0.177799] evm: security.apparmor
[    0.178318] evm: security.ima
[    0.178781] evm: security.capability
[    0.179474] clocksource: jiffies: mask: 0xffffffff max_cycles: 0xffffffff, max_idle_ns: 7645041785100000 ns
[    0.180011] futex hash table entries: 256 (order: 2, 16384 bytes)
[    0.181113] pinctrl core: initialized pinctrl subsystem
[    0.184212] RTC time: 22:40:35, date: 05/24/20
[    0.188157] NET: Registered protocol family 16
[    0.189174] audit: initializing netlink subsys (disabled)
[    0.192250] cpuidle: using governor ladder
[    0.192977] cpuidle: using governor menu
[    0.196015] audit: type=2000 audit(1590360040.121:1): state=initialized audit_enabled=0 res=1
[    0.197341] ACPI: bus type PCI registered
[    0.198021] acpiphp: ACPI Hot Plug PCI Controller Driver version: 0.5
[    0.199156] PCI: Using configuration type 1 for base access
[    0.201110] HugeTLB registered 2.00 MiB page size, pre-allocated 0 pages
[    0.202889] ACPI: Added _OSI(Module Device)
[    0.204017] ACPI: Added _OSI(Processor Device)
[    0.205637] ACPI: Added _OSI(3.0 _SCP Extensions)
[    0.206523] ACPI: Added _OSI(Processor Aggregator Device)
[    0.207331] ACPI: Added _OSI(Linux-Dell-Video)
[    0.208006] ACPI: Added _OSI(Linux-Lenovo-NV-HDMI-Audio)
[    0.208774] ACPI: Added _OSI(Linux-HPI-Hybrid-Graphics)
[    0.209949] ACPI: Executed 1 blocks of module-level executable AML code
[    0.214069] ACPI: Interpreter enabled
[    0.214844] ACPI: (supports S0 S5)
[    0.215579] ACPI: Using IOAPIC for interrupt routing
[    0.216240] PCI: Using host bridge windows from ACPI; if necessary, use "pci=nocrs" and report a bug
[    0.218047] ACPI: Enabled 2 GPEs in block 00 to 07
[    0.226292] ACPI: PCI Root Bridge [PCI0] (domain 0000 [bus 00-ff])
[    0.227248] acpi PNP0A03:00: _OSC: OS supports [ASPM ClockPM Segments MSI]
[    0.228461] acpi PNP0A03:00: _OSC: not requesting OS control; OS requires [ExtendedConfig ASPM ClockPM MSI]
[    0.229860] acpi PNP0A03:00: fail to add MMCONFIG information, can't access extended PCI configuration space under this bridge.
[    0.232135] PCI host bridge to bus 0000:00
[    0.232758] pci_bus 0000:00: root bus resource [io  0x0000-0x0cf7 window]
[    0.233935] pci_bus 0000:00: root bus resource [io  0x0d00-0xffff window]
[    0.235452] pci_bus 0000:00: root bus resource [mem 0x000a0000-0x000bffff window]
[    0.236013] pci_bus 0000:00: root bus resource [mem 0x20000000-0xfdffffff window]
[    0.238535] pci_bus 0000:00: root bus resource [bus 00-ff]
[    0.241719] pci 0000:00:01.1: legacy IDE quirk: reg 0x10: [io  0x01f0-0x01f7]
[    0.244009] pci 0000:00:01.1: legacy IDE quirk: reg 0x14: [io  0x03f6]
[    0.245170] pci 0000:00:01.1: legacy IDE quirk: reg 0x18: [io  0x0170-0x0177]
[    0.246416] pci 0000:00:01.1: legacy IDE quirk: reg 0x1c: [io  0x0376]
[    0.258493] pci 0000:00:07.0: quirk: [io  0x4000-0x403f] claimed by PIIX4 ACPI
[    0.260038] pci 0000:00:07.0: quirk: [io  0x4100-0x410f] claimed by PIIX4 SMB
[    0.266827] ACPI: PCI Interrupt Link [LNKA] (IRQs 5 9 10 *11)
[    0.268152] ACPI: PCI Interrupt Link [LNKB] (IRQs 5 9 *10 11)
[    0.269562] ACPI: PCI Interrupt Link [LNKC] (IRQs 5 *9 10 11)
[    0.270580] ACPI: PCI Interrupt Link [LNKD] (IRQs 5 9 10 *11)
[    0.271946] SCSI subsystem initialized
[    0.272111] pci 0000:00:02.0: vgaarb: setting as boot VGA device
[    0.272981] pci 0000:00:02.0: vgaarb: VGA device added: decodes=io+mem,owns=io+mem,locks=none
[    0.275107] pci 0000:00:02.0: vgaarb: bridge control possible
[    0.276009] vgaarb: loaded
[    0.276658] ACPI: bus type USB registered
[    0.278061] usbcore: registered new interface driver usbfs
[    0.280029] usbcore: registered new interface driver hub
[    0.281021] usbcore: registered new device driver usb
[    0.282016] EDAC MC: Ver: 3.0.0
[    0.282861] PCI: Using ACPI for IRQ routing
[    0.284198] NetLabel: Initializing
[    0.284878] NetLabel:  domain hash size = 128
[    0.286655] NetLabel:  protocols = UNLABELED CIPSOv4 CALIPSO
[    0.287545] NetLabel:  unlabeled traffic allowed by default
[    0.288168] clocksource: Switched to clocksource kvm-clock
[    0.300663] VFS: Disk quotas dquot_6.6.0
[    0.303057] VFS: Dquot-cache hash table entries: 512 (order 0, 4096 bytes)
[    0.304609] AppArmor: AppArmor Filesystem Enabled
[    0.305876] pnp: PnP ACPI init
[    0.307853] pnp: PnP ACPI: found 3 devices
[    0.314666] clocksource: acpi_pm: mask: 0xffffff max_cycles: 0xffffff, max_idle_ns: 2085701024 ns
[    0.316239] NET: Registered protocol family 2
[    0.323502] TCP established hash table entries: 4096 (order: 3, 32768 bytes)
[    0.325493] TCP bind hash table entries: 4096 (order: 4, 65536 bytes)
[    0.326906] TCP: Hash tables configured (established 4096 bind 4096)
[    0.328233] UDP hash table entries: 256 (order: 1, 8192 bytes)
[    0.329485] UDP-Lite hash table entries: 256 (order: 1, 8192 bytes)
[    0.330789] NET: Registered protocol family 1
[    0.331720] pci 0000:00:00.0: Limiting direct PCI/PCI transfers
[    0.332968] pci 0000:00:01.0: Activating ISA DMA hang workarounds
[    0.334244] pci 0000:00:02.0: Video device with shadowed ROM at [mem 0x000c0000-0x000dffff]
[    0.338064] Unpacking initramfs...
[    0.656023] Freeing initrd memory: 19208K
[    0.660663] clocksource: tsc: mask: 0xffffffffffffffff max_cycles: 0x255cb518234, max_idle_ns: 440795279333 ns
[    0.662699] platform rtc_cmos: registered platform RTC device (no PNP device found)
[    0.664772] Scanning for low memory corruption every 60 seconds
[    0.666618] Initialise system trusted keyrings
[    0.667602] Key type blacklist registered
[    0.668807] workingset: timestamp_bits=36 max_order=17 bucket_order=0
[    0.672105] zbud: loaded
[    0.673586] squashfs: version 4.0 (2009/01/31) Phillip Lougher
[    0.675052] fuse init (API version 7.26)
[    0.676976] Key type asymmetric registered
[    0.677857] Asymmetric key parser 'x509' registered
[    0.678917] Block layer SCSI generic (bsg) driver version 0.4 loaded (major 246)
[    0.680404] io scheduler noop registered
[    0.681371] io scheduler deadline registered
[    0.682309] io scheduler cfq registered (default)
[    0.683585] ACPI: AC Adapter [AC] (on-line)
[    0.685059] input: Power Button as /devices/LNXSYSTM:00/LNXPWRBN:00/input/input0
[    0.688560] ACPI: Power Button [PWRF]
[    0.689576] input: Sleep Button as /devices/LNXSYSTM:00/LNXSLPBN:00/input/input1
[    0.691552] ACPI: Sleep Button [SLPF]
[    0.693782] ACPI: Battery Slot [BAT0] (battery present)
[    0.694974] Serial: 8250/16550 driver, 32 ports, IRQ sharing enabled
[    0.717314] 00:02: ttyS0 at I/O 0x3f8 (irq =4, bae_baud = 115200) is a 16550A
[    0.723500] Linux agpgart interface v0.103
[    0.725426] loop: module loaded
[    0.726470] scsi host0: ata_piix
[    0.727080] scsi host1: ata_piix
[    0.727684] ata1: PATA max UDMA/33 cmd 0x1f0 ctl 0x3f6 bmdma 0xd000 irq 14
[    0.728808] ata2: PATA max UDMA/33 cmd 0x170 ctl 0x376 bmdma 0xd008 irq 15
[    0.730533] libphy: Fixed MDIO Bus: probed
[    0.731341] tun: Universal TUN/TAP device driver, 1.6
[    0.732358] PPP generic driver version 2.4.2
[    0.733229] ehci_hcd: USB 2.0 'Enhanced' Host Controller (EHCI) Driver
[    0.734484] ehci-pci: EHCI PCI platform driver
[    0.735763] ehci-platform: EHCI generic platform driver
[    0.736889] ohci_hcd: USB 1.1 'Open' Host Controller (OHCI) Driver
[    0.739016] ohci-pci: OHCI PCI platform driver
[    0.740520] ohci-platform: OHCI generic platform driver
[    0.742170] uhci_hcd: USB Universal Host Controller Interface driver
[    0.744458] i8042: PNP: PS/2 Controller [PNP0303:PS2K,PNP0f03:PS2M] at 0x60,0x64 irq 1,12
[    0.747530] serio: i8042 KBD port at 0x60,0x64 irq 1
[    0.748493] serio: i8042 AUX port at 0x60,0x64 irq 12
[    0.749478] mousedev: PS/2 mouse device common for all mice
[    0.751698] input: AT Translated Set 2 keyboard as /devices/platform/i8042/serio0/input/input2
[    0.754895] rtc_cmos rtc_cmos: rtc core: registered rtc_cmos as rtc0
[    0.756157] rtc_cmos rtc_cmos: alarms up to one day, 114 bytes nvram
[    0.757233] i2c /dev entries driver
[    0.757933] device-mapper: uevent: version 1.0.3
[    0.758834] device-mapper: ioctl: 4.37.0-ioctl (2017-09-20) initialised: dm-devel@redhat.com
[    0.760086] ledtrig-cpu: registered to indicate activity on CPUs
[    0.761508] intel_pmc_core:  initialized
[    0.762385] NET: Registered protocol family 10
[    0.766533] Segment Routing with IPv6
[    0.767287] NET: Registered protocol family 17
[    0.768267] Key type dns_resolver registered
[    0.770812] mce: Using 0 MCE banks
[    0.773838] RAS: Correctable Errors collector initialized.
[    0.774988] sched_clock: Marking stable (773703290, 0)->(947876113, -174172823)
[    0.776697] registered taskstats version 1
[    0.777379] Loading compiled-in X.509 certificates
[    0.779968] Loaded X.509 cert 'Build time autogenerated kernel key: 7480108fe56bba9284001dfb9078560125be4684'
[    0.781988] zswap: loaded using pool lzo/zbud
[    0.785955] Key type big_key registered
[    0.786993] Key type trusted registered
[    0.789388] Key type encrypted registered
[    0.790394] AppArmor: AppArmor sha1 policy hashing enabled
[    0.791412] ima: No TPM chip found, activating TPM-bypass! (rc=-19)
[    0.792535] ima: Allocated hash algorithm: sha1
[    0.793284] evm: HMAC attrs: 0x1
[    0.794380]   Magic number: 4:266:705
[    0.795114] rtc_cmos rtc_cmos: setting system clock to 2020-05-24 22:40:35 UTC (1590360035)
[    0.796514] BIOS EDD facility v0.16 2004-Jun-25, 0 devices found
[    0.797586] EDD information not available.
[    0.931149] Freeing unused kernel image memory: 2432K
[    0.948203] Write protecting the kernel read-only data: 20480k
[    0.954981] Freeing unused kernel image memory: 2008K
[    0.960165] Freeing unused kernel image memory: 1876K
[    0.990460] x86/mm: Checked W+X mappings: passed, no W+X pages found.
[    0.992989] x86/mm: Checking user space page tables
[    1.009137] x86/mm: Checked W+X mappings: passed, no W+X pages found.
Loading, please wait...
starting version 237
[    1.132340] e1000: Intel(R) PRO/1000 Network Driver - version 7.3.21-k8-NAPI
[    1.133864] e1000: Copyright (c) 1999-2006 Intel Corporation.
[    1.145808] Fusion MPT base driver 3.04.20
[    1.146866] Copyright (c) 1999-2008 LSI Corporation
[    1.195893] Fusion MPT SPI Host driver 3.04.20
[    1.207899] AVX2 version of gcm_enc/dec engaged.
[    1.208894] AES CTR mode by8 optimization enabled
[    1.357568] input: ImExPS/2 Generic Explorer Mouse as /devices/platform/i8042/serio1/input/input4
[    1.576619] e1000 0000:00:03.0 eth0: (PCI:33MHz:32-bit) 02:eb:10:d0:50:f8
[    1.577919] e1000 0000:00:03.0 eth0: Intel(R) PRO/1000 Network Connection
[    1.581065] e1000 0000:00:03.0 enp0s3: renamed from eth0
[    1.583307] mptbase: ioc0: Initiating bringup
[    1.676596] ioc0: LSI53C1030 A0: Capabilities={Initiator}
[    1.918666] scsi host2: ioc0: LSI53C1030 A0, FwRev=00000000h, Ports=1, MaxQ=256, IRQ=20
[    2.092833] scsi 2:0:0:0: Direct-Access     VBOX     HARDDISK         1.0  PQ: 0 ANSI: 5
[    2.095878] scsi target2:0:0: Beginning Domain Validation
[    2.099443] random: fast init done
[    2.100971] scsi target2:0:0: Domain Validation skipping write tests
[    2.103241] scsi target2:0:0: Ending Domain Validation
[    2.105730] scsi target2:0:0: asynchronous
[    2.108214] scsi 2:0:1:0: Direct-Access     VBOX     HARDDISK         1.0  PQ: 0 ANSI: 5
[    2.111901] scsi target2:0:1: Beginning Domain Validation
[    2.117744] scsi target2:0:1: Domain Validation skipping write tests
[    2.120966] scsi target2:0:1: Ending Domain Validation
[    2.124520] scsi target2:0:1: asynchronous
[    2.141498] random: systemd-udevd: uninitialized urandom read (16 bytes read)
[    2.145782] sd 2:0:0:0: [sda] 20971520 512-byte logical blocks: (10.7 GB/10.0 GiB)
[    2.148873] sd 2:0:0:0: Attached scsi generic sg0 type 0
[    2.150870] random: systemd-udevd: uninitialized urandom read (16 bytes read)
[    2.155288] sd 2:0:0:0: [sda] Write Protect is off
[    2.158805] sd 2:0:1:0: [sdb] 20480 512-byte logical blocks: (10.5 MB/10.0 MiB)
[    2.163047] sd 2:0:1:0: Attached scsi generic sg1 type 0
[    2.166376] sd 2:0:1:0: [sdb] Write Protect is off
[    2.168457] sd 2:0:0:0: [sda] Incomplete mode parameter data
[    2.172581] sd 2:0:0:0: [sda] Assuming drive cache: write through
[    2.176231] random: systemd-udevd: uninitialized urandom read (16 bytes read)
[    2.179188] sd 2:0:1:0: [sdb] Incomplete mode parameter data
[    2.182293] sd 2:0:1:0: [sdb] Assuming drive cache: write through
[    2.237596]  sda: sda1
[    2.239274] sd 2:0:0:0: [sda] Attached SCSI disk
[    2.256276] sd 2:0:1:0: [sdb] Attached SCSI disk
Begin: Loading essential drivers ... [    3.772096] raid6: sse2x1   gen()  6722 MB/s
[    3.823487] raid6: sse2x1   xor()  6165 MB/s
[    3.873445] raid6: sse2x2   gen() 10974 MB/s
[    3.923722] raid6: sse2x2   xor()  7381 MB/s
[    3.973591] raid6: sse2x4   gen() 12565 MB/s
[    4.021811] raid6: sse2x4   xor()  7590 MB/s
[    4.070750] raid6: avx2x1   gen() 18368 MB/s
[    4.119773] raid6: avx2x1   xor() 12600 MB/s
[    4.168053] raid6: avx2x2   gen() 20798 MB/s
[    4.217884] raid6: avx2x2   xor() 12935 MB/s
[    4.266689] raid6: avx2x4   gen() 23801 MB/s
[    4.316264] raid6: avx2x4   xor() 13297 MB/s
[    4.317259] raid6: using algorithm avx2x4 gen() 23801 MB/s
[    4.318377] raid6: .... xor() 13297 MB/s, rmw enabled
[    4.319563] raid6: using avx2x2 recovery algorithm
[    4.324018] xor: automatically using best checksumming function   avx       
[    4.328693] async_tx: api initialized (async)
done.
Begin: Running /scripts/init-premount ... done.
Begin: Mounting root file system ... Begin: Running /scripts/local-top ... done.
Begin: Running /scripts/local-premount ... [    4.394720] Btrfs loaded, crc32c=crc32c-intel
Scanning for Btrfs filesystems
done.
Warning: fsck not present, so skipping root file system
[    4.446199] EXT4-fs (sda1): mounted filesystem with ordered data mode. Opts: (null)
done.
Begin: Running /scripts/local-bottom ... done.
Begin: Running /scripts/init-bottom ... done.
[    5.424551] ip_tables: (C) 2000-2006 Netfilter Core Team
[    5.529456] systemd[1]: systemd 237 running in system mode. (+PAM +AUDIT +SELINUX +IMA +APPARMOR +SMACK +SYSVINIT +UTMP +LIBCRYPTSETUP +GCRYPT +GNUTLS +ACL +XZ +LZ4 +SECCOMP +BLKID +ELFUTILS +KMOD -IDN2 +IDN -PCRE2 default-hierarchy=hybrid)
[    5.541371] systemd[1]: Detected virtualization oracle.
[    5.544933] systemd[1]: Detected architecture x86-64.

Welcome to [1mUbuntu 18.04.4 LTS[0m!

[    5.571875] systemd[1]: Set hostname to <ubuntu>.
[    5.609330] systemd[1]: Initializing machine ID from random generator.
[    5.614982] systemd[1]: Installed transient /etc/machine-id file.
[    6.812588] random: crng init done
[    6.814817] random: 7 urandom warning(s) missed due to ratelimiting
[    7.270854] systemd[1]: Created slice System Slice.
[[0;32m  OK  [0m] Created slice System Slice.
[    7.273516] systemd[1]: Listening on udev Kernel Socket.
[[0;32m  OK  [0m] Listening on udev Kernel Socket.
[    7.275184] systemd[1]: Reached target User and Group Name Lookups.
[[0;32m  OK  [0m] Reached target User and Group Name Lookups.
[    7.288342] systemd[1]: Listening on Device-mapper event daemon FIFOs.
[[0;32m  OK  [0m] Listening on Device-mapper event daemon FIFOs.
[[0;32m  OK  [0m] Listening on Journal Socket (/dev/log).
[[0;32m  OK  [0m] Started Forward Password Requests to Wall Directory Watch.
[[0;32m  OK  [0m] Listening on /dev/initctl Compatibility Named Pipe.
[[0;32m  OK  [0m] Created slice system-serial\x2dgetty.slice.
[[0;32m  OK  [0m] Reached target Swap.
[[0;32m  OK  [0m] Listening on Journal Audit Socket.
[[0;32m  OK  [0m] Created slice User and Session Slice.
[[0;32m  OK  [0m] Reached target Slices.
[[0;32m  OK  [0m] Listening on Journal Socket.
         Starting Load Kernel Modules...
         Starting Uncomplicated firewall...
         Mounting Kernel Debug File System...
         Mounting Huge Pages File System...
         Starting Create list of required st…ce nodes for the current kernel...
[[0;32m  OK  [0m] Listening on LVM2 metadata daemon socket.
         Starting Monitoring of LVM2 mirrors…ng dmeventd or progress polling...
         Starting Remount Root and Kernel File Systems...
[[0;32m  OK  [0m] Listening on LVM2 poll daemon socket.
[[0;32m  OK  [0m] Listening on udev Control Socket.
         Starting udev Coldplug all Devices...
[[0;32m  OK  [0m] Reached target System Time Synchronized.
         Mounting POSIX Message Queue File System...
[[0;32m  OK  [0m] Set up automount Arbitrary Executab…rmats File System Automount Point.
         Starting Set the console keyboard layout...
[[0;32m  OK  [0m] Listening on Network Service Netlink Socket.
[[0;32m  OK  [0m] Listening on Syslog Socket.
         Starting Journal Service...
[[0;32m  OK  [0m] Started Uncomplicated firewall.
[[0;32m  OK  [0m] Mounted Kernel Debug File System.
[[0;32m  OK  [0m] Mounted Huge Pages File System.
[[0;32m  OK  [0m] Started Create list of required sta…vice nodes for the current kernel.
[[0;32m  OK  [0m] Mounted POSIX Message Queue File System.
         Starting Create Static Device Nodes in /dev...
[    7.697283] EXT4-fs (sda1): re-mounted. Opts: (null)
[[0;32m  OK  [0m] Started Remount Root and Kernel File Systems.
         Starting Load/Save Random Seed...
[    7.724405] Loading iSCSI transport class v2.0-870.
[[0;32m  OK  [0m] Started Journal Service.
[[0;32m  OK  [0m] Started udev Coldplug all Devices.
         Starting Flush Journal to Persistent Storage...
[    8.057204] iscsi: registered transport (tcp)
[    8.155265] systemd-journald[399]: Received request to flush runtime journal from PID 1
[[0;32m  OK  [0m] Started Load/Save Random Seed.
[    8.216444] iscsi: registered transport (iser)
[[0;32m  OK  [0m] Started Load Kernel Modules.
         Mounting FUSE Control File System...
         Starting Apply Kernel Variables...
         Mounting Kernel Configuration File System...
[[0;32m  OK  [0m] Mounted FUSE Control File System.
[[0;32m  OK  [0m] Mounted Kernel Configuration File System.
[[0;32m  OK  [0m] Started LVM2 metadata daemon.
[[0;32m  OK  [0m] Started Create Static Device Nodes in /dev.
         Starting udev Kernel Device Manager...
[[0;32m  OK  [0m] Started Set the console keyboard layout.
[[0;32m  OK  [0m] Started Apply Kernel Variables.
[[0;32m  OK  [0m] Started Flush Journal to Persistent Storage.
[[0;32m  OK  [0m] Started Monitoring of LVM2 mirrors,…sing dmeventd or progress polling.
[[0;32m  OK  [0m] Reached target Local File Systems (Pre).
[[0;32m  OK  [0m] Reached target Local File Systems.
         Starting AppArmor initialization...
         Starting Set console font and keymap...
         Starting Create Volatile Files and Directories...
         Starting ebtables ruleset management...
         Starting Tell Plymouth To Write Out Runtime Data...
         Starting Commit a transient machine-id on disk...
[[0;32m  OK  [0m] Started udev Kernel Device Manager.
[[0;32m  OK  [0m] Started Dispatch Password Requests to Console Directory Watch.
[[0;32m  OK  [0m] Reached target Local Encrypted Volumes.
[[0;32m  OK  [0m] Started Set console font and keymap.
[[0;32m  OK  [0m] Started Tell Plymouth To Write Out Runtime Data.
[[0;32m  OK  [0m] Started Commit a transient machine-id on disk.
[[0;32m  OK  [0m] Started Create Volatile Files and Directories.
         Starting Update UTMP about System Boot/Shutdown...
[[0;32m  OK  [0m] Started Update UTMP about System Boot/Shutdown.
[[0;32m  OK  [0m] Found device /dev/ttyS0.
[[0;32m  OK  [0m] Started ebtables ruleset management.
[[0;32m  OK  [0m] Listening on Load/Save RF Kill Switch Status /dev/rfkill Watch.
[[0;32m  OK  [0m] Started AppArmor initialization.
         Starting Initial cloud-init job (pre-networking)...
[   16.430303] cloud-init[552]: Cloud-init v. 19.4-33-gbb4131a2-0ubuntu1~18.04.1 running 'init-local' at Sun, 24 May 2020 22:40:50 +0000. Up 15.75 seconds.
[[0;32m  OK  [0m] Started Initial cloud-init job (pre-networking).
[[0;32m  OK  [0m] Reached target Network (Pre).
         Starting Network Service...
[[0;32m  OK  [0m] Started Network Service.
         Starting Network Name Resolution...
         Starting Wait for Network to be Configured...
[[0;32m  OK  [0m] Started Network Name Resolution.
[[0;32m  OK  [0m] Reached target Network.
[[0;32m  OK  [0m] Reached target Host and Network Name Lookups.
[[0;32m  OK  [0m] Started Wait for Network to be Configured.
         Starting Initial cloud-init job (metadata service crawler)...
[   18.878768] cloud-init[670]: Cloud-init v. 19.4-33-gbb4131a2-0ubuntu1~18.04.1 running 'init' at Sun, 24 May 2020 22:40:53 +0000. Up 18.63 seconds.
[   18.882531] cloud-init[670]: ci-info: ++++++++++++++++++++++++++++++++++++++Net device info++++++++++++++++++++++++++++++++++++++
[   18.896243] cloud-init[670]: ci-info: +--------+------+----------------------------+---------------+--------+-------------------+
[   18.898069] cloud-init[670]: ci-info: | Device |  Up  |          Address           |      Mask     | Scope  |     Hw-Address    |
[   18.900344] cloud-init[670]: ci-info: +--------+------+----------------------------+---------------+--------+-------------------+
[   18.912232] cloud-init[670]: ci-info: | enp0s3 | True |         10.0.2.15          | 255.255.255.0 | global | 02:eb:10:d0:50:f8 |
[   18.914043] cloud-init[670]: ci-info: | enp0s3 | True | fe80::eb:10ff:fed0:50f8/64 |       .       |  link  | 02:eb:10:d0:50:f8 |
[   18.916582] cloud-init[670]: ci-info: |   lo   | True |         127.0.0.1          |   255.0.0.0   |  host  |         .         |
[   18.918388] cloud-init[670]: ci-info: |   lo   | True |          ::1/128           |       .       |  host  |         .         |
[   18.919626] cloud-init[670]: ci-info: +--------+------+----------------------------+---------------+--------+-------------------+
[   18.923105] cloud-init[670]: ci-info: ++++++++++++++++++++++++++++Route IPv4 info+++++++++++++++++++++++++++++
[   18.926750] cloud-init[670]: ci-info: +-------+-------------+----------+-----------------+-----------+-------+
[   18.928787] cloud-init[670]: ci-info: | Route | Destination | Gateway  |     Genmask     | Interface | Flags |
[   18.930851] cloud-init[670]: ci-info: +-------+-------------+----------+-----------------+-----------+-------+
[   18.934618] cloud-init[670]: ci-info: |   0   |   0.0.0.0   | 10.0.2.2 |     0.0.0.0     |   enp0s3  |   UG  |
[   18.936387] cloud-init[670]: ci-info: |   1   |   10.0.2.0  | 0.0.0.0  |  255.255.255.0  |   enp0s3  |   U   |
[   18.938664] cloud-init[670]: ci-info: |   2   |   10.0.2.2  | 0.0.0.0  | 255.255.255.255 |   enp0s3  |   UH  |
[   18.949841] cloud-init[670]: ci-info: +-------+-------------+----------+-----------------+-----------+-------+
[   18.951718] cloud-init[670]: ci-info: +++++++++++++++++++Route IPv6 info+++++++++++++++++++
[   18.953184] cloud-init[670]: ci-info: +-------+-------------+---------+-----------+-------+
[   18.954572] cloud-init[670]: ci-info: | Route | Destination | Gateway | Interface | Flags |
[   18.956045] cloud-init[670]: ci-info: +-------+-------------+---------+-----------+-------+
[   18.957753] cloud-init[670]: ci-info: |   1   |  fe80::/64  |    ::   |   enp0s3  |   U   |
[   18.961576] cloud-init[670]: ci-info: |   3   |    local    |    ::   |   enp0s3  |   U   |
[   18.963222] cloud-init[670]: ci-info: |   4   |   ff00::/8  |    ::   |   enp0s3  |   U   |
[   18.964854] cloud-init[670]: ci-info: +-------+-------------+---------+-----------+-------+
[   20.715576] cloud-init[670]: Generating public/private rsa key pair.
[   20.716424] cloud-init[670]: Your identification has been saved in /etc/ssh/ssh_host_rsa_key.
[   20.717342] cloud-init[670]: Your public key has been saved in /etc/ssh/ssh_host_rsa_key.pub.
[   20.718232] cloud-init[670]: The key fingerprint is:
[   20.718847] cloud-init[670]: SHA256:YApmCyDDtyXDdqe8j1mQ6gO5L822yNCQBWOYKY2obmI root@ubuntu-bionic
[   20.719760] cloud-init[670]: The key's randomart image is:
[   20.736742] cloud-init[670]: +---[RSA 2048]----+
[   20.737672] cloud-init[670]: |X*.              |
[   20.738408] cloud-init[670]: |@=.* o .         |
[   20.739284] cloud-init[670]: |+ B B *          |
[   20.740121] cloud-init[670]: |.* + B .         |
[   20.740975] cloud-init[670]: |+ o o o S        |
[   20.741884] cloud-init[670]: |.E . . .         |
[   20.742600] cloud-init[670]: |= B   =          |
[   20.743416] cloud-init[670]: |oo.* o .         |
[   20.748440] cloud-init[670]: | o+oo            |
[   20.749351] cloud-init[670]: +----[SHA256]-----+
[   20.750238] cloud-init[670]: Generating public/private dsa key pair.
[   20.752201] cloud-init[670]: Your identification has been saved in /etc/ssh/ssh_host_dsa_key.
[   20.756302] cloud-init[670]: Your public key has been saved in /etc/ssh/ssh_host_dsa_key.pub.
[   20.757588] cloud-init[670]: The key fingerprint is:
[   20.760245] cloud-init[670]: SHA256:QOYZpElLRKvBQaCCcLV8ptIcUyzZw2SLHDFMcJ4khpE root@ubuntu-bionic
[   20.761552] cloud-init[670]: The key's randomart image is:
[   20.762373] cloud-init[670]: +---[DSA 1024]----+
[   20.764463] cloud-init[670]: |+*BB&OO          |
[   20.768283] cloud-init[670]: |E+ @+^=+         |
[   20.781060] cloud-init[670]: |+ o #.B.         |
[   20.781804] cloud-init[670]: |.  = * .         |
[   20.782800] cloud-init[670]: |  o +   S        |
[   20.784001] cloud-init[670]: |   .             |
[   20.790057] cloud-init[670]: |                 |
[   20.790951] cloud-init[670]: |                 |
[   20.791852] cloud-init[670]: |                 |
[   20.793255] cloud-init[670]: +----[SHA256]-----+
[   20.794327] cloud-init[670]: Generating public/private ecdsa key pair.
[   20.808807] cloud-init[670]: Your identification has been saved in /etc/ssh/ssh_host_ecdsa_key.
[   20.810245] cloud-init[670]: Your public key has been saved in /etc/ssh/ssh_host_ecdsa_key.pub.
[   20.815405] cloud-init[670]: The key fingerprint is:
[   20.816884] cloud-init[670]: SHA256:C1cc7sqdT+Ky7iGZFiNtVYdAedLa5F/LtxVcN+kkH+o root@ubuntu-bionic
[   20.818639] cloud-init[670]: The key's randomart image is:
[   20.819827] cloud-init[670]: +---[ECDSA 256]---+
[[0;32m  OK  [0m] Started Initial cloud-init job (metadata service crawler).
[[0;32m  OK  [0m] Reached target Cloud-config availability.[   20.824982] cloud-init[670]: |       .o+o..   .|
[   20.825881] cloud-init[670]: |        o+=o . =o|
[   20.826747] cloud-init[670]: |        .B+   B =|
[   20.827885] 
[[0;32m  OK  [0m] Reached target System Initialization.
cloud-init[670]: |     . ..oo  ..= |
[   20.860975] cloud-init[670]: |    . * S ...o ..|
[   20.869364] cloud-init[670]: |     o O + ..Eo o|
[[0;32m  OK  [0m] Started Daily apt download activities.
[[0;32m  OK  [0m] Listening on ACPID Listen Socket.
[[0;32m  OK  [0m] Started Discard unused blocks once a week.
[[0;32m  OK  [0m] Started Daily apt upgrade and clean activities.
[[0;32m  OK  [0m] Started Message of the Day.
[   20.879853] cloud-init[670]: |      = = + .  .o|
[   20.889593] cloud-init[670]: |     . ..o +   . |
[   20.890615] cloud-init[670]: |       o+o. .    |
[[0;32m  OK  [0m] Started ACPI Events Check.
[[0;32m  OK  [0m] Reached target Paths.
[[0;32m  OK  [0m[   20.904441] cloud-init[670]: +----[SHA256]-----+
[   20.907155] cloud-init[670]: Generating public/private ed25519 key pair.
[   20.907257] cloud-init[670]: Your identification has been saved in /etc/ssh/ssh_host_ed25519_key.
[   20.907363] cloud-init[670]: Your public key has been saved in /etc/ssh/ssh_host_ed25519_key.pub.
[   20.907446] cloud-init[670]: The key fingerprint is:
[   20.907486] cloud-init[670]: SHA256:J30WJtKPHPJJja7nfBwIw7PQmdr7KJaEBgMh9NuC+60 root@ubuntu-bionic
[   20.907522] cloud-init[670]: The key's randomart image is:
[   20.907559] cloud-init[670]: +--[ED25519 256]--+
[   20.907643] cloud-init[670]: |+o               |
[   20.907720] cloud-init[670]: |o .      . o     |
[   20.907776] cloud-init[670]: | . .   ooo* +    |
[   20.907817] cloud-init[670]: |  + o . OO B .   |
[   20.907855] cloud-init[670]: | . = o +S=O.+    |
[   20.907895] cloud-init[670]: |  . + o o+.o.    |
[   20.907970] cloud-init[670]: | . . . ..... .   |
[   20.908007] cloud-init[670]: |  . . + .=  o    |
[   20.908079] cloud-init[670]: |   E.o ...+.     |
] Listening on Open-iSCSI iscsid Socket.
[[0;32m  OK  [0m] Listening on D-Bus System Message Bus Socket.
[[0;32m  OK  [0m] Listening on UUID daemon activation socket.
         Starting Socket activation for snappy daemon.
[   20.919070] cloud-init[670]: +----[SHA256]-----+
         Starting LXD - unix socket.
[[0;32m  OK  [0m] Started Daily Cleanup of Temporary Directories.
[[0;32m  OK  [0m] Reached target Timers.
[[0;32m  OK  [0m] Reached target Network is Online.
[[0;32m  OK  [0m] Reached target Remote File Systems (Pre).
[[0;32m  OK  [0m] Reached target Remote File Systems.
         Starting Availability of block devices...
[[0;32m  OK  [0m] Listening on Socket activation for snappy daemon.
[[0;32m  OK  [0m] Listening on LXD - unix socket.
[[0;32m  OK  [0m] Reached target Sockets.
[[0;32m  OK  [0m] Reached target Basic System.
         Starting LSB: Record successful boot for GRUB...
         Starting Dispatcher daemon for systemd-networkd...
[[0;32m  OK  [0m] Started D-Bus System Message Bus.
         Starting LSB: automatic crash report generation...
         Starting Permit User Sessions...
         Starting Pollinate to seed the pseudo random number generator...
[[0;32m  OK  [0m] Started Deferred execution scheduler.
         Starting System Logging Service...
[[0;32m  OK  [0m] Started Regular background program processing daemon.
         Starting LXD - container startup/shutdown...
         Starting Accounts Service...
         Starting Virtualbox guest utils...
         Starting Login Service...
[[0;32m  OK  [0m] Started FUSE filesystem for LXC.
[[0;32m  OK  [0m] Started irqbalance daemon.
         Starting Snappy daemon...
[[0;32m  OK  [0m] Started Availability of block devices.
[[0;32m  OK  [0m] Started Permit User Sessions.
[[0;32m  OK  [0m] Started Login Service.
[[0;32m  OK  [0m] Started Unattended Upgrades Shutdown.
         Starting Hold until boot process finishes up...
         Starting Terminate Plymouth Boot Screen...
[[0;32m  OK  [0m] Started Hold until boot process finishes up.
[[0;32m  OK  [0m] Started Serial Getty on ttyS0.
         Starting Set console scheme...
[[0;32m  OK  [0m] Started Terminate Plymouth Boot Screen.
[[0;32m  OK  [0m] Started Set console scheme.
[[0;32m  OK  [0m] Created slice system-getty.slice.
[[0;32m  OK  [0m] Started Getty on tty1.
[[0;32m  OK  [0m] Reached target Login Prompts.
[[0;32m  OK  [0m] Started LSB: automatic crash report generation.
[[0;32m  OK  [0m] Started System Logging Service.
[[0;32m  OK  [0m] Started LSB: Record successful boot for GRUB.
         Starting Authorization Manager...
[[0;32m  OK  [0m] Started Authorization Manager.
[[0;32m  OK  [0m] Started Accounts Service.
[[0;32m  OK  [0m] Started Virtualbox guest utils.
[[0;32m  OK  [0m] Started Dispatcher daemon for systemd-networkd.
[[0;32m  OK  [0m] Started LXD - container startup/shutdown.
[[0;32m  OK  [0m] Started Snappy daemon.
         Starting Wait until snapd is fully seeded...
[[0;32m  OK  [0m] Started Pollinate to seed the pseudo random number generator.
         Starting OpenBSD Secure Shell server...

Ubuntu 18.04.4 LTS ubuntu-bionic ttyS0

ubuntu-bionic login: [   33.993978] cloud-init[1358]: Cloud-init v. 19.4-33-gbb4131a2-0ubuntu1~18.04.1 running 'modules:config' at Sun, 24 May 2020 22:41:05 +0000. Up 31.26 seconds.
ci-info: no authorized SSH keys fingerprints found for user ubuntu.
<14>May 24 22:41:09 ec2: 
<14>May 24 22:41:09 ec2: #############################################################
<14>May 24 22:41:09 ec2: -----BEGIN SSH HOST KEY FINGERPRINTS-----
<14>May 24 22:41:09 ec2: 1024 SHA256:QOYZpElLRKvBQaCCcLV8ptIcUyzZw2SLHDFMcJ4khpE root@ubuntu-bionic (DSA)
<14>May 24 22:41:09 ec2: 256 SHA256:C1cc7sqdT+Ky7iGZFiNtVYdAedLa5F/LtxVcN+kkH+o root@ubuntu-bionic (ECDSA)
<14>May 24 22:41:09 ec2: 256 SHA256:J30WJtKPHPJJja7nfBwIw7PQmdr7KJaEBgMh9NuC+60 root@ubuntu-bionic (ED25519)
<14>May 24 22:41:09 ec2: 2048 SHA256:YApmCyDDtyXDdqe8j1mQ6gO5L822yNCQBWOYKY2obmI root@ubuntu-bionic (RSA)
<14>May 24 22:41:09 ec2: -----END SSH HOST KEY FINGERPRINTS-----
<14>May 24 22:41:09 ec2: #############################################################
-----BEGIN SSH HOST KEY KEYS-----
ecdsa-sha2-nistp256 AAAAE2VjZHNhLXNoYTItbmlzdHAyNTYAAAAIbmlzdHAyNTYAAABBBH2AC55YEggHYj9Qb0217AWzPoPBGH6eS0NYIJwu4QohsMQIq/EPlXkw1Dk9SN/L3rdEMZHiaiO/JOXT7DYNA6I= root@ubuntu-bionic
ssh-ed25519 AAAAC3NzaC1lZDI1NTE5AAAAIA7FV3whFwNoRH22+LHbm75bRm2IcPU/hdcp5OekIC9i root@ubuntu-bionic
ssh-rsa AAAAB3NzaC1yc2EAAAADAQABAAABAQDaOcqnNZw0IdtWji/y2MNXozlZxA63P82Yb54Iw+BBk/Zw8CD0A+RvJoQlzlPGF3WmqtyehNTeoIg25SHxK6kbMW23+0X8EVJMLzosKeUJDFJdUyenRH1t3XDJkJQHCV/c7d/kJgrezpSBsULIor2BEChAm/ttXmCiAnAFfFPBN5GWma9aOMfxrzO5hgaXFHnk3J08mQf5rOGy/AqNXR412ntebBqqD1g2SPXwz+M4RG4OsjyK8twMzst+UKp83E2jnB28J3K+A4B3DzwNeE4SuMaxcWwQpKKvM4C24PDSf1yg+EKJ6SG9tyWsavI5K9VCeqMpI2Nc8xSHiaMAnjUh root@ubuntu-bionic
-----END SSH HOST KEY KEYS-----
[   35.264508] cloud-init[1563]: Cloud-init v. 19.4-33-gbb4131a2-0ubuntu1~18.04.1 running 'modules:final' at Sun, 24 May 2020 22:41:09 +0000. Up 34.87 seconds.
[   35.266116] cloud-init[1563]: ci-info: no authorized SSH keys fingerprints found for user ubuntu.
[   35.267205] cloud-init[1563]: Cloud-init v. 19.4-33-gbb4131a2-0ubuntu1~18.04.1 finished at Sun, 24 May 2020 22:41:09 +0000. Datasource DataSourceNoCloud [seed=/dev/sdb][dsmode=net].  Up 35.24 seconds
